<html>
<head>
<title>TestNG:  Regression suite 1</title>
<link href="../testng.css" rel="stylesheet" type="text/css" />
<link href="../my-testng.css" rel="stylesheet" type="text/css" />

<style type="text/css">
.log { display: none;} 
.stack-trace { display: none;} 
</style>
<script type="text/javascript">
<!--
function flip(e) {
  current = e.style.display;
  if (current == 'block') {
    e.style.display = 'none';
    return 0;
  }
  else {
    e.style.display = 'block';
    return 1;
  }
}

function toggleBox(szDivId, elem, msg1, msg2)
{
  var res = -1;  if (document.getElementById) {
    res = flip(document.getElementById(szDivId));
  }
  else if (document.all) {
    // this is the way old msie versions work
    res = flip(document.all[szDivId]);
  }
  if(elem) {
    if(res == 0) elem.innerHTML = msg1; else elem.innerHTML = msg2;
  }

}

function toggleAllBoxes() {
  if (document.getElementsByTagName) {
    d = document.getElementsByTagName('div');
    for (i = 0; i < d.length; i++) {
      if (d[i].className == 'log') {
        flip(d[i]);
      }
    }
  }
}

// -->
</script>

</head>
<body>
<h2 align='center'>Regression suite 1</h2><table border='1' align="center">
<tr>
<td>Tests passed/Failed/Skipped:</td><td>22/4/3</td>
</tr><tr>
<td>Started on:</td><td>Sat Aug 17 09:01:37 IST 2024</td>
</tr>
<tr><td>Total time:</td><td>0 seconds (284 ms)</td>
</tr><tr>
<td>Included groups:</td><td></td>
</tr><tr>
<td>Excluded groups:</td><td></td>
</tr>
</table><p/>
<small><i>(Hover the method name to see the test class name)</i></small><p/>
<table width='100%' border='1' class='invocation-failed'>
<tr><td colspan='4' align='center'><b>FAILED TESTS</b></td></tr>
<tr><td><b>Test method</b></td>
<td width="30%"><b>Exception</b></td>
<td width="10%"><b>Time (seconds)</b></td>
<td><b>Instance</b></td>
</tr>
<tr>
<td title='TestNG.TestNGDemo3.funB()'><b>funB</b><br>Test class: TestNG.TestNGDemo3</td>
<td><div><pre>java.lang.ArithmeticException: / by zero
	at TestNG.TestNGDemo3.funB(TestNGDemo3.java:19)
... Removed 25 stack frames</pre></div><a href='#' onClick='toggleBox("stack-trace1231156911", this, "Click to show all stack frames", "Click to hide stack frames")'>Click to show all stack frames</a>
<div class='stack-trace' id='stack-trace1231156911'><pre>java.lang.ArithmeticException: / by zero
	at TestNG.TestNGDemo3.funB(TestNGDemo3.java:19)
	at sun.reflect.NativeMethodAccessorImpl.invoke0(Native Method)
	at sun.reflect.NativeMethodAccessorImpl.invoke(NativeMethodAccessorImpl.java:62)
	at sun.reflect.DelegatingMethodAccessorImpl.invoke(DelegatingMethodAccessorImpl.java:43)
	at java.lang.reflect.Method.invoke(Method.java:498)
	at org.testng.internal.MethodInvocationHelper.invokeMethod(MethodInvocationHelper.java:108)
	at org.testng.internal.Invoker.invokeMethod(Invoker.java:661)
	at org.testng.internal.Invoker.invokeTestMethod(Invoker.java:869)
	at org.testng.internal.Invoker.invokeTestMethods(Invoker.java:1193)
	at org.testng.internal.TestMethodWorker.invokeTestMethods(TestMethodWorker.java:126)
	at org.testng.internal.TestMethodWorker.run(TestMethodWorker.java:109)
	at org.testng.TestRunner.privateRun(TestRunner.java:744)
	at org.testng.TestRunner.run(TestRunner.java:602)
	at org.testng.SuiteRunner.runTest(SuiteRunner.java:380)
	at org.testng.SuiteRunner.runSequentially(SuiteRunner.java:375)
	at org.testng.SuiteRunner.privateRun(SuiteRunner.java:340)
	at org.testng.SuiteRunner.run(SuiteRunner.java:289)
	at org.testng.SuiteRunnerWorker.runSuite(SuiteRunnerWorker.java:52)
	at org.testng.SuiteRunnerWorker.run(SuiteRunnerWorker.java:86)
	at org.testng.TestNG.runSuitesSequentially(TestNG.java:1301)
	at org.testng.TestNG.runSuitesLocally(TestNG.java:1226)
	at org.testng.TestNG.runSuites(TestNG.java:1144)
	at org.testng.TestNG.run(TestNG.java:1115)
	at org.testng.remote.AbstractRemoteTestNG.run(AbstractRemoteTestNG.java:132)
	at org.testng.remote.RemoteTestNG.initAndRun(RemoteTestNG.java:230)
	at org.testng.remote.RemoteTestNG.main(RemoteTestNG.java:76)
</pre></div></td>
<td>0</td>
<td>TestNG.TestNGDemo3@3e92efc3</td></tr>
<tr>
<td title='TestNG.TestNGDemo4.loginTest()'><b>loginTest</b><br>Test class: TestNG.TestNGDemo4</td>
<td><div><pre>java.lang.ArithmeticException: / by zero
	at TestNG.TestNGDemo4.loginTest(TestNGDemo4.java:12)
... Removed 25 stack frames</pre></div><a href='#' onClick='toggleBox("stack-trace9190301", this, "Click to show all stack frames", "Click to hide stack frames")'>Click to show all stack frames</a>
<div class='stack-trace' id='stack-trace9190301'><pre>java.lang.ArithmeticException: / by zero
	at TestNG.TestNGDemo4.loginTest(TestNGDemo4.java:12)
	at sun.reflect.NativeMethodAccessorImpl.invoke0(Native Method)
	at sun.reflect.NativeMethodAccessorImpl.invoke(NativeMethodAccessorImpl.java:62)
	at sun.reflect.DelegatingMethodAccessorImpl.invoke(DelegatingMethodAccessorImpl.java:43)
	at java.lang.reflect.Method.invoke(Method.java:498)
	at org.testng.internal.MethodInvocationHelper.invokeMethod(MethodInvocationHelper.java:108)
	at org.testng.internal.Invoker.invokeMethod(Invoker.java:661)
	at org.testng.internal.Invoker.invokeTestMethod(Invoker.java:869)
	at org.testng.internal.Invoker.invokeTestMethods(Invoker.java:1193)
	at org.testng.internal.TestMethodWorker.invokeTestMethods(TestMethodWorker.java:126)
	at org.testng.internal.TestMethodWorker.run(TestMethodWorker.java:109)
	at org.testng.TestRunner.privateRun(TestRunner.java:744)
	at org.testng.TestRunner.run(TestRunner.java:602)
	at org.testng.SuiteRunner.runTest(SuiteRunner.java:380)
	at org.testng.SuiteRunner.runSequentially(SuiteRunner.java:375)
	at org.testng.SuiteRunner.privateRun(SuiteRunner.java:340)
	at org.testng.SuiteRunner.run(SuiteRunner.java:289)
	at org.testng.SuiteRunnerWorker.runSuite(SuiteRunnerWorker.java:52)
	at org.testng.SuiteRunnerWorker.run(SuiteRunnerWorker.java:86)
	at org.testng.TestNG.runSuitesSequentially(TestNG.java:1301)
	at org.testng.TestNG.runSuitesLocally(TestNG.java:1226)
	at org.testng.TestNG.runSuites(TestNG.java:1144)
	at org.testng.TestNG.run(TestNG.java:1115)
	at org.testng.remote.AbstractRemoteTestNG.run(AbstractRemoteTestNG.java:132)
	at org.testng.remote.RemoteTestNG.initAndRun(RemoteTestNG.java:230)
	at org.testng.remote.RemoteTestNG.main(RemoteTestNG.java:76)
</pre></div></td>
<td>0</td>
<td>TestNG.TestNGDemo4@1622f1b</td></tr>
<tr>
<td title='TestNG.TestNGDemo4A.loginTest()'><b>loginTest</b><br>Test class: TestNG.TestNGDemo4A</td>
<td><div><pre>java.lang.ArithmeticException: / by zero
	at TestNG.TestNGDemo4A.loginTest(TestNGDemo4A.java:12)
... Removed 25 stack frames</pre></div><a href='#' onClick='toggleBox("stack-trace2129144075", this, "Click to show all stack frames", "Click to hide stack frames")'>Click to show all stack frames</a>
<div class='stack-trace' id='stack-trace2129144075'><pre>java.lang.ArithmeticException: / by zero
	at TestNG.TestNGDemo4A.loginTest(TestNGDemo4A.java:12)
	at sun.reflect.NativeMethodAccessorImpl.invoke0(Native Method)
	at sun.reflect.NativeMethodAccessorImpl.invoke(NativeMethodAccessorImpl.java:62)
	at sun.reflect.DelegatingMethodAccessorImpl.invoke(DelegatingMethodAccessorImpl.java:43)
	at java.lang.reflect.Method.invoke(Method.java:498)
	at org.testng.internal.MethodInvocationHelper.invokeMethod(MethodInvocationHelper.java:108)
	at org.testng.internal.Invoker.invokeMethod(Invoker.java:661)
	at org.testng.internal.Invoker.invokeTestMethod(Invoker.java:869)
	at org.testng.internal.Invoker.invokeTestMethods(Invoker.java:1193)
	at org.testng.internal.TestMethodWorker.invokeTestMethods(TestMethodWorker.java:126)
	at org.testng.internal.TestMethodWorker.run(TestMethodWorker.java:109)
	at org.testng.TestRunner.privateRun(TestRunner.java:744)
	at org.testng.TestRunner.run(TestRunner.java:602)
	at org.testng.SuiteRunner.runTest(SuiteRunner.java:380)
	at org.testng.SuiteRunner.runSequentially(SuiteRunner.java:375)
	at org.testng.SuiteRunner.privateRun(SuiteRunner.java:340)
	at org.testng.SuiteRunner.run(SuiteRunner.java:289)
	at org.testng.SuiteRunnerWorker.runSuite(SuiteRunnerWorker.java:52)
	at org.testng.SuiteRunnerWorker.run(SuiteRunnerWorker.java:86)
	at org.testng.TestNG.runSuitesSequentially(TestNG.java:1301)
	at org.testng.TestNG.runSuitesLocally(TestNG.java:1226)
	at org.testng.TestNG.runSuites(TestNG.java:1144)
	at org.testng.TestNG.run(TestNG.java:1115)
	at org.testng.remote.AbstractRemoteTestNG.run(AbstractRemoteTestNG.java:132)
	at org.testng.remote.RemoteTestNG.initAndRun(RemoteTestNG.java:230)
	at org.testng.remote.RemoteTestNG.main(RemoteTestNG.java:76)
</pre></div></td>
<td>0</td>
<td>TestNG.TestNGDemo4A@72a7c7e0</td></tr>
<tr>
<td title='TestNG.TestNGDemo4B.otpVerification()'><b>otpVerification</b><br>Test class: TestNG.TestNGDemo4B</td>
<td><div><pre>java.lang.ArithmeticException: / by zero
	at TestNG.TestNGDemo4B.otpVerification(TestNGDemo4B.java:19)
... Removed 25 stack frames</pre></div><a href='#' onClick='toggleBox("stack-trace1970436060", this, "Click to show all stack frames", "Click to hide stack frames")'>Click to show all stack frames</a>
<div class='stack-trace' id='stack-trace1970436060'><pre>java.lang.ArithmeticException: / by zero
	at TestNG.TestNGDemo4B.otpVerification(TestNGDemo4B.java:19)
	at sun.reflect.NativeMethodAccessorImpl.invoke0(Native Method)
	at sun.reflect.NativeMethodAccessorImpl.invoke(NativeMethodAccessorImpl.java:62)
	at sun.reflect.DelegatingMethodAccessorImpl.invoke(DelegatingMethodAccessorImpl.java:43)
	at java.lang.reflect.Method.invoke(Method.java:498)
	at org.testng.internal.MethodInvocationHelper.invokeMethod(MethodInvocationHelper.java:108)
	at org.testng.internal.Invoker.invokeMethod(Invoker.java:661)
	at org.testng.internal.Invoker.invokeTestMethod(Invoker.java:869)
	at org.testng.internal.Invoker.invokeTestMethods(Invoker.java:1193)
	at org.testng.internal.TestMethodWorker.invokeTestMethods(TestMethodWorker.java:126)
	at org.testng.internal.TestMethodWorker.run(TestMethodWorker.java:109)
	at org.testng.TestRunner.privateRun(TestRunner.java:744)
	at org.testng.TestRunner.run(TestRunner.java:602)
	at org.testng.SuiteRunner.runTest(SuiteRunner.java:380)
	at org.testng.SuiteRunner.runSequentially(SuiteRunner.java:375)
	at org.testng.SuiteRunner.privateRun(SuiteRunner.java:340)
	at org.testng.SuiteRunner.run(SuiteRunner.java:289)
	at org.testng.SuiteRunnerWorker.runSuite(SuiteRunnerWorker.java:52)
	at org.testng.SuiteRunnerWorker.run(SuiteRunnerWorker.java:86)
	at org.testng.TestNG.runSuitesSequentially(TestNG.java:1301)
	at org.testng.TestNG.runSuitesLocally(TestNG.java:1226)
	at org.testng.TestNG.runSuites(TestNG.java:1144)
	at org.testng.TestNG.run(TestNG.java:1115)
	at org.testng.remote.AbstractRemoteTestNG.run(AbstractRemoteTestNG.java:132)
	at org.testng.remote.RemoteTestNG.initAndRun(RemoteTestNG.java:230)
	at org.testng.remote.RemoteTestNG.main(RemoteTestNG.java:76)
</pre></div></td>
<td>0</td>
<td>TestNG.TestNGDemo4B@29626d54</td></tr>
</table><p>
<table width='100%' border='1' class='invocation-passed'>
<tr><td colspan='4' align='center'><b>PASSED TESTS</b></td></tr>
<tr><td><b>Test method</b></td>
<td width="30%"><b>Exception</b></td>
<td width="10%"><b>Time (seconds)</b></td>
<td><b>Instance</b></td>
</tr>
<tr>
<td title='TestNG.TestNGDemo4.customerDetails()'><b>customerDetails</b><br>Test class: TestNG.TestNGDemo4</td>
<td></td>
<td>0</td>
<td>TestNG.TestNGDemo4@1622f1b</td></tr>
<tr>
<td title='TestNG.TestNGXMLDemo.f()'><b>f</b><br>Test class: TestNG.TestNGXMLDemo</td>
<td></td>
<td>0</td>
<td>TestNG.TestNGXMLDemo@34b7ac2f</td></tr>
<tr>
<td title='TestNG.TestNGAnnotationDemo1.funA()'><b>funA</b><br>Test class: TestNG.TestNGAnnotationDemo1</td>
<td></td>
<td>0</td>
<td>TestNG.TestNGAnnotationDemo1@cd3fee8</td></tr>
<tr>
<td title='TestNG.TestNGDemo1.funA()'><b>funA</b><br>Test class: TestNG.TestNGDemo1</td>
<td></td>
<td>0</td>
<td>TestNG.TestNGDemo1@3e2e18f2</td></tr>
<tr>
<td title='TestNG.TestNGDemo2.funA()'><b>funA</b><br>Test class: TestNG.TestNGDemo2</td>
<td></td>
<td>0</td>
<td>TestNG.TestNGDemo2@470f1802</td></tr>
<tr>
<td title='TestNG.TestNGDemo2A.funA()'><b>funA</b><br>Test class: TestNG.TestNGDemo2A</td>
<td></td>
<td>0</td>
<td>TestNG.TestNGDemo2A@63021689</td></tr>
<tr>
<td title='TestNG.TestNGDemo3.funA()'><b>funA</b><br>Test class: TestNG.TestNGDemo3</td>
<td></td>
<td>0</td>
<td>TestNG.TestNGDemo3@3e92efc3</td></tr>
<tr>
<td title='TestNG.TestNGGroupsDemo1.funA()'><b>funA</b><br>Test class: TestNG.TestNGGroupsDemo1</td>
<td></td>
<td>0</td>
<td>TestNG.TestNGGroupsDemo1@6e4784bc</td></tr>
<tr>
<td title='TestNG.TestNGDemo2B.funA()'><b>funA</b><br>Test class: TestNG.TestNGDemo2B</td>
<td></td>
<td>0</td>
<td>TestNG.TestNGDemo2B@703580bf</td></tr>
<tr>
<td title='TestNG.TestNGDemo2.funB()'><b>funB</b><br>Test class: TestNG.TestNGDemo2</td>
<td></td>
<td>0</td>
<td>TestNG.TestNGDemo2@470f1802</td></tr>
<tr>
<td title='TestNG.TestNGDemo2A.funB()'><b>funB</b><br>Test class: TestNG.TestNGDemo2A</td>
<td></td>
<td>0</td>
<td>TestNG.TestNGDemo2A@63021689</td></tr>
<tr>
<td title='TestNG.TestNGGroupsDemo1.funB()'><b>funB</b><br>Test class: TestNG.TestNGGroupsDemo1</td>
<td></td>
<td>0</td>
<td>TestNG.TestNGGroupsDemo1@6e4784bc</td></tr>
<tr>
<td title='TestNG.TestNGDemo2B.funB()'><b>funB</b><br>Test class: TestNG.TestNGDemo2B</td>
<td></td>
<td>0</td>
<td>TestNG.TestNGDemo2B@703580bf</td></tr>
<tr>
<td title='TestNG.TestNGDemo2.funC()'><b>funC</b><br>Test class: TestNG.TestNGDemo2</td>
<td></td>
<td>0</td>
<td>TestNG.TestNGDemo2@470f1802</td></tr>
<tr>
<td title='TestNG.TestNGDemo2A.funC()'><b>funC</b><br>Test class: TestNG.TestNGDemo2A</td>
<td></td>
<td>0</td>
<td>TestNG.TestNGDemo2A@63021689</td></tr>
<tr>
<td title='TestNG.TestNGGroupsDemo1.funC()'><b>funC</b><br>Test class: TestNG.TestNGGroupsDemo1</td>
<td></td>
<td>0</td>
<td>TestNG.TestNGGroupsDemo1@6e4784bc</td></tr>
<tr>
<td title='TestNG.TestNGDemo2B.funC()'><b>funC</b><br>Test class: TestNG.TestNGDemo2B</td>
<td></td>
<td>0</td>
<td>TestNG.TestNGDemo2B@703580bf</td></tr>
<tr>
<td title='TestNG.TestNGDemo2.funD()'><b>funD</b><br>Test class: TestNG.TestNGDemo2</td>
<td></td>
<td>0</td>
<td>TestNG.TestNGDemo2@470f1802</td></tr>
<tr>
<td title='TestNG.TestNGDemo2A.funD()'><b>funD</b><br>Test class: TestNG.TestNGDemo2A</td>
<td></td>
<td>0</td>
<td>TestNG.TestNGDemo2A@63021689</td></tr>
<tr>
<td title='TestNG.TestNGGroupsDemo1.funD()'><b>funD</b><br>Test class: TestNG.TestNGGroupsDemo1</td>
<td></td>
<td>0</td>
<td>TestNG.TestNGGroupsDemo1@6e4784bc</td></tr>
<tr>
<td title='TestNG.TestNGDemo2B.funD()'><b>funD</b><br>Test class: TestNG.TestNGDemo2B</td>
<td></td>
<td>0</td>
<td>TestNG.TestNGDemo2B@703580bf</td></tr>
<tr>
<td title='TestNG.TestNGDemo4B.loginTest()'><b>loginTest</b><br>Test class: TestNG.TestNGDemo4B</td>
<td></td>
<td>0</td>
<td>TestNG.TestNGDemo4B@29626d54</td></tr>
</table><p>
<table width='100%' border='1' class='invocation-skipped'>
<tr><td colspan='4' align='center'><b>SKIPPED TESTS</b></td></tr>
<tr><td><b>Test method</b></td>
<td width="30%"><b>Exception</b></td>
<td width="10%"><b>Time (seconds)</b></td>
<td><b>Instance</b></td>
</tr>
<tr>
<td title='TestNG.TestNGDemo4A.customerDetails()'><b>customerDetails</b><br>Test class: TestNG.TestNGDemo4A</td>
<td><div><pre>java.lang.Throwable: Method TestNGDemo4A.customerDetails()[pri:2, instance:TestNG.TestNGDemo4A@72a7c7e0] depends on not successfully finished methods
... Removed 18 stack frames</pre></div><a href='#' onClick='toggleBox("stack-trace1239807799", this, "Click to show all stack frames", "Click to hide stack frames")'>Click to show all stack frames</a>
<div class='stack-trace' id='stack-trace1239807799'><pre>java.lang.Throwable: Method TestNGDemo4A.customerDetails()[pri:2, instance:TestNG.TestNGDemo4A@72a7c7e0] depends on not successfully finished methods
	at org.testng.internal.Invoker.invokeTestMethods(Invoker.java:1084)
	at org.testng.internal.TestMethodWorker.invokeTestMethods(TestMethodWorker.java:126)
	at org.testng.internal.TestMethodWorker.run(TestMethodWorker.java:109)
	at org.testng.TestRunner.privateRun(TestRunner.java:744)
	at org.testng.TestRunner.run(TestRunner.java:602)
	at org.testng.SuiteRunner.runTest(SuiteRunner.java:380)
	at org.testng.SuiteRunner.runSequentially(SuiteRunner.java:375)
	at org.testng.SuiteRunner.privateRun(SuiteRunner.java:340)
	at org.testng.SuiteRunner.run(SuiteRunner.java:289)
	at org.testng.SuiteRunnerWorker.runSuite(SuiteRunnerWorker.java:52)
	at org.testng.SuiteRunnerWorker.run(SuiteRunnerWorker.java:86)
	at org.testng.TestNG.runSuitesSequentially(TestNG.java:1301)
	at org.testng.TestNG.runSuitesLocally(TestNG.java:1226)
	at org.testng.TestNG.runSuites(TestNG.java:1144)
	at org.testng.TestNG.run(TestNG.java:1115)
	at org.testng.remote.AbstractRemoteTestNG.run(AbstractRemoteTestNG.java:132)
	at org.testng.remote.RemoteTestNG.initAndRun(RemoteTestNG.java:230)
	at org.testng.remote.RemoteTestNG.main(RemoteTestNG.java:76)
</pre></div></td>
<td>0</td>
<td>null</td></tr>
<tr>
<td title='TestNG.TestNGDemo4B.customerDetails()'><b>customerDetails</b><br>Test class: TestNG.TestNGDemo4B</td>
<td><div><pre>java.lang.Throwable: Method TestNGDemo4B.customerDetails()[pri:3, instance:TestNG.TestNGDemo4B@29626d54] depends on not successfully finished methods
... Removed 18 stack frames</pre></div><a href='#' onClick='toggleBox("stack-trace1789718525", this, "Click to show all stack frames", "Click to hide stack frames")'>Click to show all stack frames</a>
<div class='stack-trace' id='stack-trace1789718525'><pre>java.lang.Throwable: Method TestNGDemo4B.customerDetails()[pri:3, instance:TestNG.TestNGDemo4B@29626d54] depends on not successfully finished methods
	at org.testng.internal.Invoker.invokeTestMethods(Invoker.java:1084)
	at org.testng.internal.TestMethodWorker.invokeTestMethods(TestMethodWorker.java:126)
	at org.testng.internal.TestMethodWorker.run(TestMethodWorker.java:109)
	at org.testng.TestRunner.privateRun(TestRunner.java:744)
	at org.testng.TestRunner.run(TestRunner.java:602)
	at org.testng.SuiteRunner.runTest(SuiteRunner.java:380)
	at org.testng.SuiteRunner.runSequentially(SuiteRunner.java:375)
	at org.testng.SuiteRunner.privateRun(SuiteRunner.java:340)
	at org.testng.SuiteRunner.run(SuiteRunner.java:289)
	at org.testng.SuiteRunnerWorker.runSuite(SuiteRunnerWorker.java:52)
	at org.testng.SuiteRunnerWorker.run(SuiteRunnerWorker.java:86)
	at org.testng.TestNG.runSuitesSequentially(TestNG.java:1301)
	at org.testng.TestNG.runSuitesLocally(TestNG.java:1226)
	at org.testng.TestNG.runSuites(TestNG.java:1144)
	at org.testng.TestNG.run(TestNG.java:1115)
	at org.testng.remote.AbstractRemoteTestNG.run(AbstractRemoteTestNG.java:132)
	at org.testng.remote.RemoteTestNG.initAndRun(RemoteTestNG.java:230)
	at org.testng.remote.RemoteTestNG.main(RemoteTestNG.java:76)
</pre></div></td>
<td>0</td>
<td>null</td></tr>
<tr>
<td title='TestNG.TestNGDemo3.funC()'><b>funC</b><br>Test class: TestNG.TestNGDemo3</td>
<td><div><pre>org.testng.SkipException: TestNGDemo3
	at TestNG.TestNGDemo3.funC(TestNGDemo3.java:27)
... Removed 25 stack frames</pre></div><a href='#' onClick='toggleBox("stack-trace1525409936", this, "Click to show all stack frames", "Click to hide stack frames")'>Click to show all stack frames</a>
<div class='stack-trace' id='stack-trace1525409936'><pre>org.testng.SkipException: TestNGDemo3
	at TestNG.TestNGDemo3.funC(TestNGDemo3.java:27)
	at sun.reflect.NativeMethodAccessorImpl.invoke0(Native Method)
	at sun.reflect.NativeMethodAccessorImpl.invoke(NativeMethodAccessorImpl.java:62)
	at sun.reflect.DelegatingMethodAccessorImpl.invoke(DelegatingMethodAccessorImpl.java:43)
	at java.lang.reflect.Method.invoke(Method.java:498)
	at org.testng.internal.MethodInvocationHelper.invokeMethod(MethodInvocationHelper.java:108)
	at org.testng.internal.Invoker.invokeMethod(Invoker.java:661)
	at org.testng.internal.Invoker.invokeTestMethod(Invoker.java:869)
	at org.testng.internal.Invoker.invokeTestMethods(Invoker.java:1193)
	at org.testng.internal.TestMethodWorker.invokeTestMethods(TestMethodWorker.java:126)
	at org.testng.internal.TestMethodWorker.run(TestMethodWorker.java:109)
	at org.testng.TestRunner.privateRun(TestRunner.java:744)
	at org.testng.TestRunner.run(TestRunner.java:602)
	at org.testng.SuiteRunner.runTest(SuiteRunner.java:380)
	at org.testng.SuiteRunner.runSequentially(SuiteRunner.java:375)
	at org.testng.SuiteRunner.privateRun(SuiteRunner.java:340)
	at org.testng.SuiteRunner.run(SuiteRunner.java:289)
	at org.testng.SuiteRunnerWorker.runSuite(SuiteRunnerWorker.java:52)
	at org.testng.SuiteRunnerWorker.run(SuiteRunnerWorker.java:86)
	at org.testng.TestNG.runSuitesSequentially(TestNG.java:1301)
	at org.testng.TestNG.runSuitesLocally(TestNG.java:1226)
	at org.testng.TestNG.runSuites(TestNG.java:1144)
	at org.testng.TestNG.run(TestNG.java:1115)
	at org.testng.remote.AbstractRemoteTestNG.run(AbstractRemoteTestNG.java:132)
	at org.testng.remote.RemoteTestNG.initAndRun(RemoteTestNG.java:230)
	at org.testng.remote.RemoteTestNG.main(RemoteTestNG.java:76)
</pre></div></td>
<td>0</td>
<td>TestNG.TestNGDemo3@3e92efc3</td></tr>
</table><p>
</body>
</html>